0 info it worked if it ends with ok
1 verbose cli [ 'C:\\Program Files\\nodejs\\node.exe',
1 verbose cli   'C:\\Program Files\\nodejs\\node_modules\\npm\\bin\\npm-cli.js',
1 verbose cli   'install',
1 verbose cli   '-g',
1 verbose cli   'webpack',
1 verbose cli   'babel-cli\\npm',
1 verbose cli   'install',
1 verbose cli   '-g',
1 verbose cli   'webpack',
1 verbose cli   'babel-cli' ]
2 info using npm@3.3.12
3 info using node@v5.5.0
4 silly loadCurrentTree Starting
5 silly install loadCurrentTree
6 silly install readGlobalPackageData
7 silly fetchPackageMetaData webpack
8 silly fetchPackageMetaData babel-cli\npm
9 silly fetchPackageMetaData install
10 silly fetchPackageMetaData webpack
11 silly fetchPackageMetaData babel-cli
12 silly fetchNamedPackageData webpack
13 silly mapToRegistry name webpack
14 silly mapToRegistry using default registry
15 silly mapToRegistry registry https://registry.npmjs.org/
16 silly mapToRegistry uri https://registry.npmjs.org/webpack
17 silly fetchOtherPackageData babel-cli\npm
18 silly cache add args [ 'babel-cli\\npm', null ]
19 verbose cache add spec babel-cli\npm
20 silly fetchNamedPackageData install
21 silly mapToRegistry name install
22 silly mapToRegistry using default registry
23 silly mapToRegistry registry https://registry.npmjs.org/
24 silly mapToRegistry uri https://registry.npmjs.org/install
25 silly fetchNamedPackageData webpack
26 silly mapToRegistry name webpack
27 silly mapToRegistry using default registry
28 silly mapToRegistry registry https://registry.npmjs.org/
29 silly mapToRegistry uri https://registry.npmjs.org/webpack
30 silly fetchNamedPackageData babel-cli
31 silly mapToRegistry name babel-cli
32 silly mapToRegistry using default registry
33 silly mapToRegistry registry https://registry.npmjs.org/
34 silly mapToRegistry uri https://registry.npmjs.org/babel-cli
35 silly cache add parsed spec Result {
35 silly cache add   raw: 'babel-cli\\npm',
35 silly cache add   scope: null,
35 silly cache add   name: null,
35 silly cache add   rawSpec: 'babel-cli\\npm',
35 silly cache add   spec: 'C:\\Programming\\Projects\\Text Adventure\\babel-cli\\npm',
35 silly cache add   type: 'local' }
36 verbose request uri https://registry.npmjs.org/install
37 verbose request no auth needed
38 info attempt registry request try #1 at 2:44:15 PM
39 verbose request id b031f695d85acb03
40 http request GET https://registry.npmjs.org/install
41 verbose request uri https://registry.npmjs.org/babel-cli
42 verbose request no auth needed
43 info attempt registry request try #1 at 2:44:15 PM
44 http request GET https://registry.npmjs.org/babel-cli
45 error addLocal Could not install C:\Programming\Projects\Text Adventure\babel-cli\npm
46 silly fetchPackageMetaData Error: ENOENT: no such file or directory, open 'C:\Programming\Projects\Text Adventure\babel-cli\npm'
46 silly fetchPackageMetaData     at Error (native)
46 silly fetchPackageMetaData  error for babel-cli\npm { [Error: ENOENT: no such file or directory, open 'C:\Programming\Projects\Text Adventure\babel-cli\npm']
46 silly fetchPackageMetaData   errno: -4058,
46 silly fetchPackageMetaData   code: 'ENOENT',
46 silly fetchPackageMetaData   syscall: 'open',
46 silly fetchPackageMetaData   path: 'C:\\Programming\\Projects\\Text Adventure\\babel-cli\\npm' }
47 verbose get https://registry.npmjs.org/webpack not expired, no request
48 verbose get https://registry.npmjs.org/webpack not expired, no request
49 http 200 https://registry.npmjs.org/install
50 verbose headers { server: 'CouchDB/1.5.0 (Erlang OTP/R16B03)',
50 verbose headers   etag: '"A1ZM1KZZGCD4VCC1TADNV8GL2"',
50 verbose headers   'content-type': 'application/json',
50 verbose headers   'cache-control': 'max-age=300',
50 verbose headers   'content-length': '22510',
50 verbose headers   'accept-ranges': 'bytes',
50 verbose headers   date: 'Tue, 09 Feb 2016 19:44:16 GMT',
50 verbose headers   via: '1.1 varnish',
50 verbose headers   age: '20',
50 verbose headers   connection: 'keep-alive',
50 verbose headers   'x-served-by': 'cache-dfw1828-DFW',
50 verbose headers   'x-cache': 'HIT',
50 verbose headers   'x-cache-hits': '2',
50 verbose headers   'x-timer': 'S1455047056.110520,VS0,VE0',
50 verbose headers   vary: 'Accept' }
51 silly get cb [ 200,
51 silly get   { server: 'CouchDB/1.5.0 (Erlang OTP/R16B03)',
51 silly get     etag: '"A1ZM1KZZGCD4VCC1TADNV8GL2"',
51 silly get     'content-type': 'application/json',
51 silly get     'cache-control': 'max-age=300',
51 silly get     'content-length': '22510',
51 silly get     'accept-ranges': 'bytes',
51 silly get     date: 'Tue, 09 Feb 2016 19:44:16 GMT',
51 silly get     via: '1.1 varnish',
51 silly get     age: '20',
51 silly get     connection: 'keep-alive',
51 silly get     'x-served-by': 'cache-dfw1828-DFW',
51 silly get     'x-cache': 'HIT',
51 silly get     'x-cache-hits': '2',
51 silly get     'x-timer': 'S1455047056.110520,VS0,VE0',
51 silly get     vary: 'Accept' } ]
52 verbose get saving install to C:\Users\Administrator\AppData\Roaming\npm-cache\registry.npmjs.org\install\.cache.json
53 http 200 https://registry.npmjs.org/babel-cli
54 verbose headers { server: 'CouchDB/1.5.0 (Erlang OTP/R16B03)',
54 verbose headers   etag: '"137ECRPOWNKO2094TKVJD628N"',
54 verbose headers   'content-type': 'application/json',
54 verbose headers   'cache-control': 'max-age=300',
54 verbose headers   'content-length': '52564',
54 verbose headers   'accept-ranges': 'bytes',
54 verbose headers   date: 'Tue, 09 Feb 2016 19:44:16 GMT',
54 verbose headers   via: '1.1 varnish',
54 verbose headers   age: '80',
54 verbose headers   connection: 'keep-alive',
54 verbose headers   'x-served-by': 'cache-dfw1825-DFW',
54 verbose headers   'x-cache': 'HIT',
54 verbose headers   'x-cache-hits': '1',
54 verbose headers   'x-timer': 'S1455047056.111229,VS0,VE1',
54 verbose headers   vary: 'Accept' }
55 silly get cb [ 200,
55 silly get   { server: 'CouchDB/1.5.0 (Erlang OTP/R16B03)',
55 silly get     etag: '"137ECRPOWNKO2094TKVJD628N"',
55 silly get     'content-type': 'application/json',
55 silly get     'cache-control': 'max-age=300',
55 silly get     'content-length': '52564',
55 silly get     'accept-ranges': 'bytes',
55 silly get     date: 'Tue, 09 Feb 2016 19:44:16 GMT',
55 silly get     via: '1.1 varnish',
55 silly get     age: '80',
55 silly get     connection: 'keep-alive',
55 silly get     'x-served-by': 'cache-dfw1825-DFW',
55 silly get     'x-cache': 'HIT',
55 silly get     'x-cache-hits': '1',
55 silly get     'x-timer': 'S1455047056.111229,VS0,VE1',
55 silly get     vary: 'Accept' } ]
56 verbose get saving babel-cli to C:\Users\Administrator\AppData\Roaming\npm-cache\registry.npmjs.org\babel-cli\.cache.json
57 silly rollbackFailedOptional Starting
58 silly rollbackFailedOptional Finishing
59 silly runTopLevelLifecycles Starting
60 silly runTopLevelLifecycles Finishing
61 silly install printInstalled
62 verbose stack Error: ENOENT: no such file or directory, open 'C:\Programming\Projects\Text Adventure\babel-cli\npm'
62 verbose stack     at Error (native)
63 verbose cwd C:\Programming\Projects\Text Adventure
64 error Windows_NT 6.1.7601
65 error argv "C:\\Program Files\\nodejs\\node.exe" "C:\\Program Files\\nodejs\\node_modules\\npm\\bin\\npm-cli.js" "install" "-g" "webpack" "babel-cli\\npm" "install" "-g" "webpack" "babel-cli"
66 error node v5.5.0
67 error npm  v3.3.12
68 error path C:\Programming\Projects\Text Adventure\babel-cli\npm
69 error code ENOENT
70 error errno -4058
71 error syscall open
72 error enoent ENOENT: no such file or directory, open 'C:\Programming\Projects\Text Adventure\babel-cli\npm'
72 error enoent This is most likely not a problem with npm itself
72 error enoent and is related to npm not being able to find a file.
73 verbose exit [ -4058, true ]
